<?xml version="1.0" encoding="utf-8"?><testsuites name="pytest tests"><testsuite name="pytest" errors="0" failures="0" skipped="0" tests="21" time="17.768" timestamp="2026-07-03T03:41:35.435927+00:00" hostname="agent-env-0fe4dbc3-1b98-44c8-8d34-0e78c1ce8fbb"><testcase classname="backend.tests.test_backend_api" name="test_health" time="0.310" /><testcase classname="backend.tests.test_backend_api.TestProjects" name="test_create_project" time="0.048" /><testcase classname="backend.tests.test_backend_api.TestProjects" name="test_list_projects" time="0.050" /><testcase classname="backend.tests.test_backend_api.TestProjects" name="test_get_project" time="0.048" /><testcase classname="backend.tests.test_backend_api.TestProjects" name="test_patch_project" time="0.092" /><testcase classname="backend.tests.test_backend_api.TestProjects" name="test_delete_project" time="0.091" /><testcase classname="backend.tests.test_backend_api.TestFiles" name="test_setup_project" time="0.047" /><testcase classname="backend.tests.test_backend_api.TestFiles" name="test_create_file" time="0.048" /><testcase classname="backend.tests.test_backend_api.TestFiles" name="test_list_files" time="0.046" /><testcase classname="backend.tests.test_backend_api.TestFiles" name="test_patch_file" time="0.097" /><testcase classname="backend.tests.test_backend_api.TestFiles" name="test_delete_file" time="0.098" /><testcase classname="backend.tests.test_backend_api.TestFiles" name="test_cleanup_project" time="0.047" /><testcase classname="backend.tests.test_backend_api.TestRun" name="test_python" time="0.061" /><testcase classname="backend.tests.test_backend_api.TestRun" name="test_javascript" time="0.074" /><testcase classname="backend.tests.test_backend_api.TestRun" name="test_html" time="0.046" /><testcase classname="backend.tests.test_backend_api.TestRun" name="test_css" time="0.047" /><testcase classname="backend.tests.test_backend_api.TestRun" name="test_malformed_language" time="0.046" /><testcase classname="backend.tests.test_backend_api.TestRun" name="test_timeout" time="10.050" /><testcase classname="backend.tests.test_backend_api.TestChat" name="test_chat_stream" time="3.188" /><testcase classname="backend.tests.test_backend_api.TestChat" name="test_history_after_chat" time="3.050" /><testcase classname="backend.tests.test_backend_api.TestChat" name="test_clear_history" time="0.089" /></testsuite></testsuites>