<?xml version="1.0" encoding="utf-8"?><testsuites name="pytest tests"><testsuite name="pytest" errors="0" failures="0" skipped="0" tests="33" time="19.770" timestamp="2026-07-03T04:14:10.345577+00:00" hostname="agent-env-0fe4dbc3-1b98-44c8-8d34-0e78c1ce8fbb"><testcase classname="backend.tests.test_backend_api" name="test_health" time="0.207" /><testcase classname="backend.tests.test_backend_api.TestProjects" name="test_create_project" time="0.046" /><testcase classname="backend.tests.test_backend_api.TestProjects" name="test_list_projects" time="0.044" /><testcase classname="backend.tests.test_backend_api.TestProjects" name="test_get_project" time="0.053" /><testcase classname="backend.tests.test_backend_api.TestProjects" name="test_patch_project" time="0.092" /><testcase classname="backend.tests.test_backend_api.TestProjects" name="test_delete_project" time="0.093" /><testcase classname="backend.tests.test_backend_api.TestFiles" name="test_setup_project" time="0.062" /><testcase classname="backend.tests.test_backend_api.TestFiles" name="test_create_file" time="0.047" /><testcase classname="backend.tests.test_backend_api.TestFiles" name="test_list_files" time="0.044" /><testcase classname="backend.tests.test_backend_api.TestFiles" name="test_patch_file" time="0.090" /><testcase classname="backend.tests.test_backend_api.TestFiles" name="test_delete_file" time="0.091" /><testcase classname="backend.tests.test_backend_api.TestFiles" name="test_cleanup_project" time="0.045" /><testcase classname="backend.tests.test_backend_api.TestRun" name="test_python" time="0.068" /><testcase classname="backend.tests.test_backend_api.TestRun" name="test_javascript" time="0.069" /><testcase classname="backend.tests.test_backend_api.TestRun" name="test_html" time="0.044" /><testcase classname="backend.tests.test_backend_api.TestRun" name="test_css" time="0.044" /><testcase classname="backend.tests.test_backend_api.TestRun" name="test_malformed_language" time="0.045" /><testcase classname="backend.tests.test_backend_api.TestRun" name="test_timeout" time="10.050" /><testcase classname="backend.tests.test_backend_api.TestChat" name="test_chat_stream" time="3.700" /><testcase classname="backend.tests.test_backend_api.TestChat" name="test_history_after_chat" time="3.052" /><testcase classname="backend.tests.test_backend_api.TestChat" name="test_clear_history" time="0.093" /><testcase classname="backend.tests.test_snippets.TestSnippets" name="test_create_snippet" time="0.135" /><testcase classname="backend.tests.test_snippets.TestSnippets" name="test_create_missing_title_returns_400" time="0.047" /><testcase classname="backend.tests.test_snippets.TestSnippets" name="test_list_all" time="0.045" /><testcase classname="backend.tests.test_snippets.TestSnippets" name="test_list_filter_language" time="0.048" /><testcase classname="backend.tests.test_snippets.TestSnippets" name="test_list_filter_language_none_match" time="0.093" /><testcase classname="backend.tests.test_snippets.TestSnippets" name="test_search_query" time="0.147" /><testcase classname="backend.tests.test_snippets.TestSnippets" name="test_get_detail_and_404" time="0.112" /><testcase classname="backend.tests.test_snippets.TestSnippets" name="test_star_toggle_idempotent" time="0.368" /><testcase classname="backend.tests.test_snippets.TestSnippets" name="test_delete_forbidden_wrong_device" time="0.095" /><testcase classname="backend.tests.test_snippets.TestSnippets" name="test_delete_allowed_and_cascade_stars" time="0.138" /><testcase classname="backend.tests.test_snippets.TestSnippets" name="test_zzz_cleanup" time="0.086" /><testcase classname="backend.tests.test_snippets.TestTypeScriptRun" name="test_ts_annotation_runs" time="0.291" /></testsuite></testsuites>